<?xml version="1.0" encoding="UTF-8"?>
<!-- Generated by org.testng.reporters.JUnitReportReporter -->
<testsuite hostname="DESKTOP-H9UI5LU" failures="0" tests="1" name="testng.demo" time="0.030" errors="0" timestamp="2023-08-12T16:46:33 GMT-12:00" skipped="0">
  <testcase classname="testng.demo" name="test" time="0.030"/>
</testsuite> <!-- testng.demo -->
